2019-04-04 15:32:14.833 [main] INFO  o.s.c.a.AnnotationConfigApplicationContext 91 - Refreshing org.springframework.context.annotation.AnnotationConfigApplicationContext@a87f8ec: startup date [Thu Apr 04 15:32:14 CST 2019]; root of context hierarchy
2019-04-04 15:32:15.008 [main] INFO  o.s.b.f.a.AutowiredAnnotationBeanPostProcessor 91 - JSR-330 'javax.inject.Inject' annotation found and supported for autowiring
2019-04-04 15:32:15.047 [main] INFO  o.s.c.s.PostProcessorRegistrationDelegate$BeanPostProcessorChecker 91 - Bean 'configurationPropertiesRebinderAutoConfiguration' of type [org.springframework.cloud.autoconfigure.ConfigurationPropertiesRebinderAutoConfiguration$$EnhancerBySpringCGLIB$$9328ee40] is not eligible for getting processed by all BeanPostProcessors (for example: not eligible for auto-proxying)
2019-04-04 15:32:15.301 [main] INFO  com.gzdsy.gogbee.bee.GogbeeApplication 91 - No active profile set, falling back to default profiles: default
2019-04-04 15:32:15.326 [main] INFO  o.s.b.w.s.c.AnnotationConfigServletWebServerApplicationContext 91 - Refreshing org.springframework.boot.web.servlet.context.AnnotationConfigServletWebServerApplicationContext@7072bc39: startup date [Thu Apr 04 15:32:15 CST 2019]; parent: org.springframework.context.annotation.AnnotationConfigApplicationContext@a87f8ec
2019-04-04 15:32:15.666 [main] WARN  org.mybatis.spring.mapper.ClassPathMapperScanner 44 - No MyBatis mapper was found in '[com.gzdsy.gogbee.bee]' package. Please check your configuration.
2019-04-04 15:32:15.687 [main] INFO  o.s.d.r.config.RepositoryConfigurationDelegate 163 - Multiple Spring Data modules found, entering strict repository configuration mode!
2019-04-04 15:32:15.779 [main] INFO  o.s.b.factory.support.DefaultListableBeanFactory 91 - Overriding bean definition for bean 'dataSource' with a different definition: replacing [Root bean: class [null]; scope=refresh; abstract=false; lazyInit=false; autowireMode=3; dependencyCheck=0; autowireCandidate=false; primary=false; factoryBeanName=org.springframework.boot.autoconfigure.jdbc.DataSourceConfiguration$Hikari; factoryMethodName=dataSource; initMethodName=null; destroyMethodName=(inferred); defined in class path resource [org/springframework/boot/autoconfigure/jdbc/DataSourceConfiguration$Hikari.class]] with [Root bean: class [org.springframework.aop.scope.ScopedProxyFactoryBean]; scope=; abstract=false; lazyInit=false; autowireMode=0; dependencyCheck=0; autowireCandidate=true; primary=false; factoryBeanName=null; factoryMethodName=null; initMethodName=null; destroyMethodName=null; defined in BeanDefinition defined in class path resource [org/springframework/boot/autoconfigure/jdbc/DataSourceConfiguration$Hikari.class]]
2019-04-04 15:32:15.901 [main] INFO  o.springframework.cloud.context.scope.GenericScope 91 - BeanFactory id=047e0aae-d4bd-304b-86c4-431998f3c108
2019-04-04 15:32:15.914 [main] INFO  o.s.b.f.a.AutowiredAnnotationBeanPostProcessor 91 - JSR-330 'javax.inject.Inject' annotation found and supported for autowiring
2019-04-04 15:32:16.041 [main] INFO  o.s.c.s.PostProcessorRegistrationDelegate$BeanPostProcessorChecker 91 - Bean 'dataSource' of type [org.springframework.aop.scope.ScopedProxyFactoryBean] is not eligible for getting processed by all BeanPostProcessors (for example: not eligible for auto-proxying)
2019-04-04 15:32:16.042 [main] INFO  o.s.c.s.PostProcessorRegistrationDelegate$BeanPostProcessorChecker 91 - Bean 'dataSource' of type [com.zaxxer.hikari.HikariDataSource$$EnhancerBySpringCGLIB$$fc2bf40f] is not eligible for getting processed by all BeanPostProcessors (for example: not eligible for auto-proxying)
2019-04-04 15:32:16.053 [main] INFO  o.s.c.s.PostProcessorRegistrationDelegate$BeanPostProcessorChecker 91 - Bean 'org.springframework.boot.context.properties.ConversionServiceDeducer$Factory' of type [org.springframework.boot.context.properties.ConversionServiceDeducer$Factory] is not eligible for getting processed by all BeanPostProcessors (for example: not eligible for auto-proxying)
2019-04-04 15:32:16.055 [main] INFO  o.s.c.s.PostProcessorRegistrationDelegate$BeanPostProcessorChecker 91 - Bean 'spring.datasource-org.springframework.boot.autoconfigure.jdbc.DataSourceProperties' of type [org.springframework.boot.autoconfigure.jdbc.DataSourceProperties] is not eligible for getting processed by all BeanPostProcessors (for example: not eligible for auto-proxying)
2019-04-04 15:32:16.060 [main] INFO  o.s.c.s.PostProcessorRegistrationDelegate$BeanPostProcessorChecker 91 - Bean 'dataSource' of type [com.zaxxer.hikari.HikariDataSource$$EnhancerBySpringCGLIB$$fc2bf40f] is not eligible for getting processed by all BeanPostProcessors (for example: not eligible for auto-proxying)
2019-04-04 15:32:16.062 [main] INFO  o.s.c.s.PostProcessorRegistrationDelegate$BeanPostProcessorChecker 91 - Bean 'org.springframework.boot.autoconfigure.jdbc.DataSourceInitializerInvoker' of type [org.springframework.boot.autoconfigure.jdbc.DataSourceInitializerInvoker] is not eligible for getting processed by all BeanPostProcessors (for example: not eligible for auto-proxying)
2019-04-04 15:32:16.063 [main] INFO  o.s.c.s.PostProcessorRegistrationDelegate$BeanPostProcessorChecker 91 - Bean 'myBatisConfig' of type [com.gzdsy.gogbee.bee.support.utils.mybatis.MyBatisConfig$$EnhancerBySpringCGLIB$$e1106233] is not eligible for getting processed by all BeanPostProcessors (for example: not eligible for auto-proxying)
2019-04-04 15:32:16.072 [main] INFO  o.s.c.s.PostProcessorRegistrationDelegate$BeanPostProcessorChecker 91 - Bean 'annotationDrivenTransactionManager' of type [org.springframework.jdbc.datasource.DataSourceTransactionManager] is not eligible for getting processed by all BeanPostProcessors (for example: not eligible for auto-proxying)
2019-04-04 15:32:16.072 [main] INFO  o.s.c.s.PostProcessorRegistrationDelegate$BeanPostProcessorChecker 91 - Bean 'org.springframework.transaction.annotation.ProxyTransactionManagementConfiguration' of type [org.springframework.transaction.annotation.ProxyTransactionManagementConfiguration$$EnhancerBySpringCGLIB$$770eeb43] is not eligible for getting processed by all BeanPostProcessors (for example: not eligible for auto-proxying)
2019-04-04 15:32:16.102 [main] INFO  o.s.c.s.PostProcessorRegistrationDelegate$BeanPostProcessorChecker 91 - Bean 'org.springframework.cloud.autoconfigure.ConfigurationPropertiesRebinderAutoConfiguration' of type [org.springframework.cloud.autoconfigure.ConfigurationPropertiesRebinderAutoConfiguration$$EnhancerBySpringCGLIB$$9328ee40] is not eligible for getting processed by all BeanPostProcessors (for example: not eligible for auto-proxying)
2019-04-04 15:32:16.270 [main] INFO  org.xnio 104 - XNIO version 3.3.8.Final
2019-04-04 15:32:16.283 [main] INFO  org.xnio.nio 55 - XNIO NIO Implementation Version 3.3.8.Final
2019-04-04 15:32:16.314 [main] WARN  io.undertow.websockets.jsr 67 - UT026009: XNIO worker was not set on WebSocketDeploymentInfo, the default worker will be used
2019-04-04 15:32:16.314 [main] WARN  io.undertow.websockets.jsr 76 - UT026010: Buffer pool was not set on WebSocketDeploymentInfo, the default pool will be used
2019-04-04 15:32:16.347 [main] INFO  io.undertow.servlet 360 - Initializing Spring embedded WebApplicationContext
2019-04-04 15:32:16.347 [main] INFO  org.springframework.web.context.ContextLoader 91 - Root WebApplicationContext: initialization completed in 1021 ms
2019-04-04 15:32:16.465 [main] INFO  o.s.boot.web.servlet.ServletRegistrationBean 91 - Servlet dispatcherServlet mapped to [/]
2019-04-04 15:32:16.470 [main] INFO  o.s.boot.web.servlet.FilterRegistrationBean 91 - Mapping filter: 'characterEncodingFilter' to: [/*]
2019-04-04 15:32:16.471 [main] INFO  o.s.boot.web.servlet.FilterRegistrationBean 91 - Mapping filter: 'hiddenHttpMethodFilter' to: [/*]
2019-04-04 15:32:16.472 [main] INFO  o.s.boot.web.servlet.FilterRegistrationBean 91 - Mapping filter: 'httpPutFormContentFilter' to: [/*]
2019-04-04 15:32:16.472 [main] INFO  o.s.boot.web.servlet.FilterRegistrationBean 91 - Mapping filter: 'requestContextFilter' to: [/*]
